# JRE version: Java(TM) SE Runtime Environment 18.9 (11.0.18+9) (build 11.0.18+9-LTS-195)
# Java VM: Java HotSpot(TM) 64-Bit Server VM 18.9 (11.0.18+9-LTS-195, mixed mode, tiered, compressed oops, g1 gc, windows-amd64)
Heap:
 garbage-first heap   total 196608K, used 166640K [0x0000000080000000, 0x0000000100000000)
  region size 1024K, 70 young (71680K), 4 survivors (4096K)
 Metaspace       used 118875K, capacity 122917K, committed 123080K, reserved 1155072K
  class space    used 15644K, capacity 17240K, committed 17356K, reserved 1048576K
GC Heap History (10 events):
Event: 16.603 GC heap before
{Heap before GC invocations=18 (full 0):
 garbage-first heap   total 196608K, used 154024K [0x0000000080000000, 0x0000000100000000)
  region size 1024K, 90 young (92160K), 9 survivors (9216K)
 Metaspace       used 90950K, capacity 93194K, committed 93440K, reserved 1130496K
  class space    used 11837K, capacity 12694K, committed 12800K, reserved 1048576K
}
Event: 16.615 GC heap after
{Heap after GC invocations=19 (full 0):
 garbage-first heap   total 196608K, used 76465K [0x0000000080000000, 0x0000000100000000)
  region size 1024K, 10 young (10240K), 10 survivors (10240K)
 Metaspace       used 90950K, capacity 93194K, committed 93440K, reserved 1130496K
  class space    used 11837K, capacity 12694K, committed 12800K, reserved 1048576K
}
Event: 18.376 GC heap before
{Heap before GC invocations=19 (full 0):
 garbage-first heap   total 196608K, used 157361K [0x0000000080000000, 0x0000000100000000)
  region size 1024K, 88 young (90112K), 10 survivors (10240K)
 Metaspace       used 100542K, capacity 102975K, committed 103296K, reserved 1138688K
  class space    used 12937K, capacity 13864K, committed 13952K, reserved 1048576K
}
Event: 18.387 GC heap after
{Heap after GC invocations=20 (full 0):
 garbage-first heap   total 196608K, used 83587K [0x0000000080000000, 0x0000000100000000)
  region size 1024K, 10 young (10240K), 10 survivors (10240K)
 Metaspace       used 100542K, capacity 102975K, committed 103296K, reserved 1138688K
  class space    used 12937K, capacity 13864K, committed 13952K, reserved 1048576K
}
Event: 18.967 GC heap before
{Heap before GC invocations=20 (full 0):
 garbage-first heap   total 196608K, used 130691K [0x0000000080000000, 0x0000000100000000)
  region size 1024K, 58 young (59392K), 10 survivors (10240K)
 Metaspace       used 106453K, capacity 109400K, committed 109440K, reserved 1144832K
  class space    used 13836K, capacity 14938K, committed 14976K, reserved 1048576K
}
Event: 18.982 GC heap after
{Heap after GC invocations=21 (full 0):
 garbage-first heap   total 196608K, used 86114K [0x0000000080000000, 0x0000000100000000)
  region size 1024K, 10 young (10240K), 10 survivors (10240K)
 Metaspace       used 106453K, capacity 109400K, committed 109440K, reserved 1144832K
  class space    used 13836K, capacity 14938K, committed 14976K, reserved 1048576K
}
Event: 19.806 GC heap before
{Heap before GC invocations=22 (full 0):
 garbage-first heap   total 196608K, used 157794K [0x0000000080000000, 0x0000000100000000)
  region size 1024K, 82 young (83968K), 10 survivors (10240K)
 Metaspace       used 114021K, capacity 117771K, committed 117960K, reserved 1150976K
  class space    used 15038K, capacity 16526K, committed 16588K, reserved 1048576K
}
Event: 19.819 GC heap after
{Heap after GC invocations=23 (full 0):
 garbage-first heap   total 196608K, used 85613K [0x0000000080000000, 0x0000000100000000)
  region size 1024K, 5 young (5120K), 5 survivors (5120K)
 Metaspace       used 114021K, capacity 117771K, committed 117960K, reserved 1150976K
  class space    used 15038K, capacity 16526K, committed 16588K, reserved 1048576K
}
Event: 20.606 GC heap before
{Heap before GC invocations=24 (full 0):
 garbage-first heap   total 196608K, used 134765K [0x0000000080000000, 0x0000000100000000)
  region size 1024K, 47 young (48128K), 5 survivors (5120K)
 Metaspace       used 117244K, capacity 121080K, committed 121288K, reserved 1153024K
  class space    used 15510K, capacity 17056K, committed 17100K, reserved 1048576K
}
Event: 20.613 GC heap after
{Heap after GC invocations=25 (full 0):
 garbage-first heap   total 196608K, used 92912K [0x0000000080000000, 0x0000000100000000)
  region size 1024K, 4 young (4096K), 4 survivors (4096K)
 Metaspace       used 117244K, capacity 121080K, committed 121288K, reserved 1153024K
  class space    used 15510K, capacity 17056K, committed 17100K, reserved 1048576K
}

